<?xml version="1.0" encoding="UTF-8"?>
<!-- Generated by org.testng.reporters.JUnitXMLReporter -->
<testsuite hostname="LAPTOP-MPU3NKTT" ignored="0" name="sample" tests="4" failures="0" timestamp="2020-03-18T20:31:20 IST" time="38.286" errors="0">
  <testcase name="navigatetoWebandvalidateTitle" time="14.533" classname="com.Tests.TitanWeb"/>
  <testcase name="login" time="7.205" classname="com.Tests.TitanWeb"/>
  <testcase name="getAccesscode" time="3.158" classname="com.Tests.TitanAPI"/>
  <testcase name="createLeadinSF" time="2.343" classname="com.Tests.TitanAPI"/>
</testsuite> <!-- sample -->
