<?xml version="1.0" encoding="UTF-8"?>
<!-- Generated by org.testng.reporters.JUnitXMLReporter -->
<testsuite hostname="LAPTOP-MPU3NKTT" ignored="1" name="sample" tests="3" failures="0" timestamp="2020-02-25T18:57:43 IST" time="32.814" errors="0">
  <testcase name="navigatetoWebandvalidateTitle" time="13.339" classname="com.Tests.TitanWeb"/>
  <testcase name="login" time="1.872" classname="com.Tests.TitanWeb"/>
  <testcase name="getAccesscode" time="5.996" classname="com.Tests.TitanAPI"/>
  <testcase name="createLeadinSF" time="0.0" classname="com.Tests.TitanAPI">
    <ignored/>
  </testcase> <!-- createLeadinSF -->
</testsuite> <!-- sample -->
