<?xml version="1.0" encoding="UTF-8"?>
<testng-results skipped="0" failed="0" ignored="0" total="2" passed="2">
  <reporter-output>
    <line>
      <![CDATA[<br><img src='\test-output\Screenshots\1583924624568_.png' height='400' width='700'/><br>]]>
    </line>
    <line>
      <![CDATA[Screenshot Capture is done]]>
    </line>
  </reporter-output>
  <suite name="TestSuite" duration-ms="48675" started-at="2020-03-11T16:33:03 IST" finished-at="2020-03-11T16:33:52 IST">
    <groups>
    </groups>
    <test name="sample" duration-ms="48675" started-at="2020-03-11T16:33:03 IST" finished-at="2020-03-11T16:33:52 IST">
      <class name="com.Tests.TitanWeb">
        <test-method status="PASS" signature="launchbrowser()[pri:0, instance:com.Tests.TitanWeb@5ed828d]" name="launchbrowser" is-config="true" duration-ms="11674" started-at="2020-03-11T16:33:03 IST" finished-at="2020-03-11T16:33:15 IST">
          <reporter-output>
          </reporter-output>
        </test-method> <!-- launchbrowser -->
        <test-method status="PASS" signature="navigatetoWebandvalidateTitle()[pri:1, instance:com.Tests.TitanWeb@5ed828d]" name="navigatetoWebandvalidateTitle" duration-ms="29485" started-at="2020-03-11T16:33:15 IST" description="Title Validation" finished-at="2020-03-11T16:33:44 IST">
          <reporter-output>
            <line>
              <![CDATA[<br><img src='\test-output\Screenshots\1583924624568_.png' height='400' width='700'/><br>]]>
            </line>
            <line>
              <![CDATA[Screenshot Capture is done]]>
            </line>
          </reporter-output>
        </test-method> <!-- navigatetoWebandvalidateTitle -->
        <test-method status="PASS" signature="login()[pri:2, instance:com.Tests.TitanWeb@5ed828d]" name="login" duration-ms="6760" started-at="2020-03-11T16:33:44 IST" description="Login Sucessful" finished-at="2020-03-11T16:33:51 IST">
          <reporter-output>
          </reporter-output>
        </test-method> <!-- login -->
        <test-method status="PASS" signature="closebrowser()[pri:0, instance:com.Tests.TitanWeb@5ed828d]" name="closebrowser" is-config="true" duration-ms="706" started-at="2020-03-11T16:33:51 IST" finished-at="2020-03-11T16:33:52 IST">
          <reporter-output>
          </reporter-output>
        </test-method> <!-- closebrowser -->
      </class> <!-- com.Tests.TitanWeb -->
    </test> <!-- sample -->
  </suite> <!-- TestSuite -->
</testng-results>
